# JRE version: OpenJDK Runtime Environment (9.0) (build 9-internal+0-2016-04-14-195246.buildd.src)
# Java VM: OpenJDK 64-Bit Server VM (9-internal+0-2016-04-14-195246.buildd.src, mixed mode, tiered, compressed oops, g1 gc, linux-amd64)
Heap:
 garbage-first heap   total 907264K, used 36341K [0x0000000085200000, 0x0000000085301bb0, 0x0000000100000000)
  region size 1024K, 1 young (1024K), 1 survivors (1024K)
 Metaspace       used 11376K, capacity 11718K, committed 11776K, reserved 1060864K
  class space    used 1155K, capacity 1274K, committed 1280K, reserved 1048576K
GC Heap History (10 events):
Event: 13841.007 GC heap after
{Heap after GC invocations=154327 (full 0):
 garbage-first heap   total 629760K, used 36302K [0x0000000085200000, 0x0000000085301338, 0x0000000100000000)
  region size 1024K, 1 young (1024K), 1 survivors (1024K)
 Metaspace       used 11373K, capacity 11718K, committed 11776K, reserved 1060864K
  class space    used 1155K, capacity 1274K, committed 1280K, reserved 1048576K
}
Event: 13841.220 GC heap before
{Heap before GC invocations=154327 (full 0):
 garbage-first heap   total 629760K, used 413134K [0x0000000085200000, 0x0000000085301338, 0x0000000100000000)
  region size 1024K, 369 young (377856K), 1 survivors (1024K)
 Metaspace       used 11373K, capacity 11718K, committed 11776K, reserved 1060864K
  class space    used 1155K, capacity 1274K, committed 1280K, reserved 1048576K
}
Event: 13841.478 GC heap after
{Heap after GC invocations=154328 (full 0):
 garbage-first heap   total 629760K, used 36320K [0x0000000085200000, 0x0000000085301338, 0x0000000100000000)
  region size 1024K, 1 young (1024K), 1 survivors (1024K)
 Metaspace       used 11373K, capacity 11718K, committed 11776K, reserved 1060864K
  class space    used 1155K, capacity 1274K, committed 1280K, reserved 1048576K
}
Event: 13841.614 GC heap before
{Heap before GC invocations=154328 (full 0):
 garbage-first heap   total 629760K, used 413152K [0x0000000085200000, 0x0000000085301338, 0x0000000100000000)
  region size 1024K, 369 young (377856K), 1 survivors (1024K)
 Metaspace       used 11374K, capacity 11718K, committed 11776K, reserved 1060864K
  class space    used 1155K, capacity 1274K, committed 1280K, reserved 1048576K
}
Event: 13841.615 GC heap after
{Heap after GC invocations=154329 (full 0):
 garbage-first heap   total 629760K, used 36316K [0x0000000085200000, 0x0000000085301338, 0x0000000100000000)
  region size 1024K, 1 young (1024K), 1 survivors (1024K)
 Metaspace       used 11374K, capacity 11718K, committed 11776K, reserved 1060864K
  class space    used 1155K, capacity 1274K, committed 1280K, reserved 1048576K
}
Event: 13842.086 GC heap before
{Heap before GC invocations=154329 (full 0):
 garbage-first heap   total 629760K, used 413148K [0x0000000085200000, 0x0000000085301338, 0x0000000100000000)
  region size 1024K, 369 young (377856K), 1 survivors (1024K)
 Metaspace       used 11376K, capacity 11718K, committed 11776K, reserved 1060864K
  class space    used 1155K, capacity 1274K, committed 1280K, reserved 1048576K
}
Event: 13842.144 GC heap after
{Heap after GC invocations=154330 (full 0):
 garbage-first heap   total 629760K, used 36320K [0x0000000085200000, 0x0000000085301338, 0x0000000100000000)
  region size 1024K, 1 young (1024K), 1 survivors (1024K)
 Metaspace       used 11376K, capacity 11718K, committed 11776K, reserved 1060864K
  class space    used 1155K, capacity 1274K, committed 1280K, reserved 1048576K
}
Event: 13842.386 GC heap before
{Heap before GC invocations=154330 (full 0):
 garbage-first heap   total 629760K, used 413152K [0x0000000085200000, 0x0000000085301338, 0x0000000100000000)
  region size 1024K, 369 young (377856K), 1 survivors (1024K)
 Metaspace       used 11376K, capacity 11718K, committed 11776K, reserved 1060864K
  class space    used 1155K, capacity 1274K, committed 1280K, reserved 1048576K
}
Event: 13842.387 GC heap after
{Heap after GC invocations=154331 (full 0):
 garbage-first heap   total 629760K, used 36348K [0x0000000085200000, 0x0000000085301338, 0x0000000100000000)
  region size 1024K, 1 young (1024K), 1 survivors (1024K)
 Metaspace       used 11376K, capacity 11718K, committed 11776K, reserved 1060864K
  class space    used 1155K, capacity 1274K, committed 1280K, reserved 1048576K
}
Event: 13842.505 GC heap before
{Heap before GC invocations=154331 (full 0):
 garbage-first heap   total 629760K, used 413180K [0x0000000085200000, 0x0000000085301338, 0x0000000100000000)
  region size 1024K, 369 young (377856K), 1 survivors (1024K)
 Metaspace       used 11376K, capacity 11718K, committed 11776K, reserved 1060864K
  class space    used 1155K, capacity 1274K, committed 1280K, reserved 1048576K
}

